cpanm (App::cpanminus) 1.7001 on perl 5.018002 built for x86_64-linux-gnu-thread-multi
Work directory is /home/ubuntu/.cpanm/work/1444156215.7244
You have make /usr/bin/make
You have /usr/bin/wget
You have /bin/tar: tar (GNU tar) 1.27.1
Copyright (C) 2013 Free Software Foundation, Inc.
License GPLv3+: GNU GPL version 3 or later <http://gnu.org/licenses/gpl.html>.
This is free software: you are free to change and redistribute it.
There is NO WARRANTY, to the extent permitted by law.

Written by John Gilmore and Jay Fenlason.
Searching Mail::SendGrid on cpanmetadb ...
--> Working on Mail::SendGrid
Fetching http://www.cpan.org/authors/id/N/NE/NEILB/Mail-SendGrid-0.07.tar.gz
-> OK
Unpacking Mail-SendGrid-0.07.tar.gz
Entering Mail-SendGrid-0.07
Checking configure dependencies from META.yml
Checking if you have ExtUtils::MakeMaker 6.30 ... Yes (6.66)
Configuring Mail-SendGrid-0.07
Running Makefile.PL
Warning: prerequisite IO::Socket::SSL 1.44 not found.
Warning: prerequisite JSON 2.53 not found.
Warning: prerequisite Mouse 0.94 not found.
Warning: prerequisite URI::Escape 3.30 not found.
Checking if your kit is complete...
Looks good
Writing Makefile for Mail::SendGrid
Writing MYMETA.yml and MYMETA.json
-> OK
Checking dependencies from MYMETA.json ...
Checking if you have HTTP::Tiny 0.013 ... Yes (0.025)
Checking if you have JSON 2.53 ... No
Checking if you have Carp 1.20 ... Yes (1.29)
Checking if you have URI::Escape 3.30 ... No
Checking if you have IO::Socket::SSL 1.44 ... No
Checking if you have Mouse 0.94 ... No
Checking if you have strict 0 ... Yes (1.07)
Checking if you have warnings 0 ... Yes (1.18)
Checking if you have Test::More 0.88 ... Yes (1.001014)
==> Found dependencies: JSON, URI::Escape, IO::Socket::SSL, Mouse
Searching JSON on cpanmetadb ...
--> Working on JSON
Fetching http://www.cpan.org/authors/id/M/MA/MAKAMAKA/JSON-2.90.tar.gz
-> OK
Unpacking JSON-2.90.tar.gz
Entering JSON-2.90
Checking configure dependencies from META.json
Checking if you have ExtUtils::MakeMaker 0 ... Yes (6.66)
Configuring JSON-2.90
Running Makefile.PL
Welcome to JSON (v.2.90)
=============================


 *************************** CAUTION **************************************
 *                                                                        *
 * INCOMPATIBLE CHANGE (JSON::XS version 2.90)                            *
 *                                                                        *
 * JSON.pm had patched JSON::XS::Boolean and JSON::PP::Boolean internally *
 * on loading time for making these modules inherit JSON::Boolean.        *
 * But since JSON::XS v3.0 it use Types::Serialiser as boolean class.     *
 * Then now JSON.pm breaks boolean classe overload features and           *
 * -support_by_pp if JSON::XS v3.0 or later is installed.                 *
 *                                                                        *
 * JSON::true and JSON::false returned JSON::Boolean objects.             *
 * For workaround, they return JSON::PP::Boolean objects in this version. *
 *                                                                        *
 *     isa_ok(JSON::true, 'JSON::PP::Boolean');                           *
 *                                                                        *
 * And it discards a feature:                                             *
 *                                                                        *
 *     ok(JSON::true eq 'true');                                          *
 *                                                                        *
 * In other word, JSON::PP::Boolean overload numeric only.                *
 *                                                                        *
 *     ok( JSON::true == 1 );                                             *
 *                                                                        *
 **************************************************************************


 ************************** CAUTION **************************
 * This is 'JSON version 2' and there are many differences   *
 * to version 1.xx                                           *
 * Please check your applications useing old version.        *
 *   See to 'INCOMPATIBLE CHANGES TO OLD VERSION' and 'TIPS' *
 *************************************************************


Checking if your kit is complete...
Looks good
Writing Makefile for JSON
Writing MYMETA.yml and MYMETA.json
-> OK
Checking dependencies from MYMETA.json ...
Checking if you have Test::More 0 ... Yes (1.001014)
Checking if you have ExtUtils::MakeMaker 0 ... Yes (6.66)
Building and testing JSON-2.90
cp lib/JSON/backportPP/Boolean.pm blib/lib/JSON/backportPP/Boolean.pm
cp lib/JSON/backportPP/Compat5005.pm blib/lib/JSON/backportPP/Compat5005.pm
cp lib/JSON/backportPP.pm blib/lib/JSON/backportPP.pm
cp lib/JSON/backportPP/Compat5006.pm blib/lib/JSON/backportPP/Compat5006.pm
cp lib/JSON.pm blib/lib/JSON.pm
Manifying blib/man3/JSON::backportPP.3pm
Manifying blib/man3/JSON::backportPP::Compat5006.3pm
Manifying blib/man3/JSON::backportPP::Boolean.3pm
Manifying blib/man3/JSON::backportPP::Compat5005.3pm
Manifying blib/man3/JSON.3pm
PERL_DL_NONLAZY=1 /usr/bin/perl "-MExtUtils::Command::MM" "-e" "test_harness(0, 'blib/lib', 'blib/arch')" t/*.t
t/00_load.t ................. ok
t/00_pod.t .................. skipped: Test::Pod 1.00 required for testing POD
t/01_utf8.t ................. ok
t/02_error.t ................ ok
t/03_types.t ................ ok
t/06_pc_pretty.t ............ ok
t/07_pc_esc.t ............... ok
t/08_pc_base.t .............. ok
t/09_pc_extra_number.t ...... ok
t/10_pc_keysort.t ........... ok
t/11_pc_expo.t .............. ok
t/12_blessed.t .............. ok
t/13_limit.t ................ ok
t/14_latin1.t ............... ok
t/15_prefix.t ............... ok
t/16_tied.t ................. ok
t/17_relaxed.t .............. ok
t/18_json_checker.t ......... ok
t/19_incr.t ................. ok
t/20_unknown.t .............. ok
t/21_evans_bugrep.t ......... ok
t/22_comment_at_eof.t ....... ok
t/99_binary.t ............... ok
t/e00_func.t ................ ok
t/e01_property.t ............ ok
t/e02_bool.t ................ ok
t/e03_bool2.t ............... ok
t/e04_sortby.t .............. ok
t/e05_esc_slash.t ........... ok
t/e06_allow_barekey.t ....... ok
t/e07_allow_singlequote.t ... ok
t/e08_decode.t .............. ok
t/e09_encode.t .............. ok
t/e10_bignum.t .............. ok
t/e11_conv_blessed_univ.t ... ok
t/e12_upgrade.t ............. ok
t/e13_overloaded_eq.t ....... ok
t/e14_decode_prefix.t ....... ok
t/e15_tie_ixhash.t .......... ok
t/e16_incr_parse_fixed.t .... ok
t/e90_misc.t ................ ok
t/x00_load.t ................ ok
t/x02_error.t ............... ok
t/x12_blessed.t ............. ok
t/x16_tied.t ................ ok
t/x17_strange_overload.t .... ok
t/xe01_property.t ........... ok
t/xe02_bool.t ............... ok
t/xe03_bool2.t .............. ok
t/xe04support_by_pp.t ....... ok
t/xe05_indent_length.t ...... ok
t/xe08_decode.t ............. ok
t/xe10_bignum.t ............. ok
t/xe11_conv_blessed_univ.t .. ok
t/xe12_boolean.t ............ ok
t/xe19_xs_and_suportbypp.t .. ok
t/xe20_croak_message.t ...... ok
t/xe21_is_pp.t .............. ok
All tests successful.
Files=58, Tests=3801,  3 wallclock secs ( 0.40 usr  0.06 sys +  2.79 cusr  0.24 csys =  3.49 CPU)
Result: PASS
Installing /usr/local/share/perl/5.18.2/JSON.pm
Installing /usr/local/share/perl/5.18.2/JSON/backportPP.pm
Installing /usr/local/share/perl/5.18.2/JSON/backportPP/Compat5005.pm
Installing /usr/local/share/perl/5.18.2/JSON/backportPP/Boolean.pm
Installing /usr/local/share/perl/5.18.2/JSON/backportPP/Compat5006.pm
Installing /usr/local/man/man3/JSON::backportPP::Compat5005.3pm
Installing /usr/local/man/man3/JSON::backportPP::Compat5006.3pm
Installing /usr/local/man/man3/JSON.3pm
Installing /usr/local/man/man3/JSON::backportPP::Boolean.3pm
Installing /usr/local/man/man3/JSON::backportPP.3pm
Appending installation info to /usr/local/lib/perl/5.18.2/perllocal.pod
-> OK
Successfully installed JSON-2.90
Installing /usr/local/share/perl/5.18.2/x86_64-linux-gnu-thread-multi/.meta/JSON-2.90/install.json
Installing /usr/local/share/perl/5.18.2/x86_64-linux-gnu-thread-multi/.meta/JSON-2.90/MYMETA.json
Searching URI::Escape on cpanmetadb ...
--> Working on URI::Escape
Fetching http://www.cpan.org/authors/id/E/ET/ETHER/URI-1.69.tar.gz
-> OK
Unpacking URI-1.69.tar.gz
Entering URI-1.69
Checking configure dependencies from META.json
Checking if you have ExtUtils::MakeMaker 0 ... Yes (6.66)
Configuring URI-1.69
Running Makefile.PL
Checking if your kit is complete...
Looks good
Writing Makefile for URI
Writing MYMETA.yml and MYMETA.json
-> OK
Checking dependencies from MYMETA.json ...
Checking if you have Exporter 5.57 ... Yes (5.68)
Checking if you have File::Temp 0 ... Yes (0.23)
Checking if you have utf8 0 ... Yes (1.10)
Checking if you have Scalar::Util 0 ... Yes (1.27)
Checking if you have MIME::Base64 2 ... Yes (3.13)
Checking if you have Test::More 0.96 ... Yes (1.001014)
Checking if you have parent 0 ... Yes (0.225)
Building and testing URI-1.69
cp lib/URI/IRI.pm blib/lib/URI/IRI.pm
cp lib/URI/pop.pm blib/lib/URI/pop.pm
cp lib/URI/_foreign.pm blib/lib/URI/_foreign.pm
cp lib/URI/file.pm blib/lib/URI/file.pm
cp lib/URI/file/QNX.pm blib/lib/URI/file/QNX.pm
cp lib/URI/sftp.pm blib/lib/URI/sftp.pm
cp lib/URI/sips.pm blib/lib/URI/sips.pm
cp lib/URI/rtspu.pm blib/lib/URI/rtspu.pm
cp lib/URI/ldap.pm blib/lib/URI/ldap.pm
cp lib/URI/Split.pm blib/lib/URI/Split.pm
cp lib/URI/_userpass.pm blib/lib/URI/_userpass.pm
cp lib/URI/nntp.pm blib/lib/URI/nntp.pm
cp lib/URI/file/OS2.pm blib/lib/URI/file/OS2.pm
cp lib/URI/mms.pm blib/lib/URI/mms.pm
cp lib/URI/http.pm blib/lib/URI/http.pm
cp lib/URI/file/Unix.pm blib/lib/URI/file/Unix.pm
cp lib/URI/_query.pm blib/lib/URI/_query.pm
cp lib/URI/file/Mac.pm blib/lib/URI/file/Mac.pm
cp lib/URI/sip.pm blib/lib/URI/sip.pm
cp lib/URI/ssh.pm blib/lib/URI/ssh.pm
cp lib/URI/gopher.pm blib/lib/URI/gopher.pm
cp lib/URI/rsync.pm blib/lib/URI/rsync.pm
cp lib/URI/telnet.pm blib/lib/URI/telnet.pm
cp lib/URI/urn.pm blib/lib/URI/urn.pm
cp lib/URI/urn/oid.pm blib/lib/URI/urn/oid.pm
cp lib/URI/ldapi.pm blib/lib/URI/ldapi.pm
cp lib/URI/WithBase.pm blib/lib/URI/WithBase.pm
cp lib/URI/ftp.pm blib/lib/URI/ftp.pm
cp lib/URI/mailto.pm blib/lib/URI/mailto.pm
cp lib/URI/file/Win32.pm blib/lib/URI/file/Win32.pm
cp lib/URI/file/Base.pm blib/lib/URI/file/Base.pm
cp lib/URI/URL.pm blib/lib/URI/URL.pm
cp lib/URI/data.pm blib/lib/URI/data.pm
cp lib/URI/_punycode.pm blib/lib/URI/_punycode.pm
cp lib/URI/ldaps.pm blib/lib/URI/ldaps.pm
cp lib/URI/_login.pm blib/lib/URI/_login.pm
cp lib/URI/rlogin.pm blib/lib/URI/rlogin.pm
cp lib/URI/rtsp.pm blib/lib/URI/rtsp.pm
cp lib/URI/urn/isbn.pm blib/lib/URI/urn/isbn.pm
cp lib/URI/snews.pm blib/lib/URI/snews.pm
cp lib/URI/QueryParam.pm blib/lib/URI/QueryParam.pm
cp lib/URI/file/FAT.pm blib/lib/URI/file/FAT.pm
cp lib/URI/_segment.pm blib/lib/URI/_segment.pm
cp lib/URI/_ldap.pm blib/lib/URI/_ldap.pm
cp lib/URI/_server.pm blib/lib/URI/_server.pm
cp lib/URI.pm blib/lib/URI.pm
cp lib/URI/tn3270.pm blib/lib/URI/tn3270.pm
cp lib/URI/Heuristic.pm blib/lib/URI/Heuristic.pm
cp lib/URI/https.pm blib/lib/URI/https.pm
cp lib/URI/_generic.pm blib/lib/URI/_generic.pm
cp lib/URI/news.pm blib/lib/URI/news.pm
cp lib/URI/Escape.pm blib/lib/URI/Escape.pm
cp lib/URI/_idna.pm blib/lib/URI/_idna.pm
Manifying blib/man3/URI::_punycode.3pm
Manifying blib/man3/URI::QueryParam.3pm
Manifying blib/man3/URI::Escape.3pm
Manifying blib/man3/URI::WithBase.3pm
Manifying blib/man3/URI::Heuristic.3pm
Manifying blib/man3/URI::URL.3pm
Manifying blib/man3/URI::Split.3pm
Manifying blib/man3/URI.3pm
Manifying blib/man3/URI::data.3pm
Manifying blib/man3/URI::ldap.3pm
Manifying blib/man3/URI::file.3pm
PERL_DL_NONLAZY=1 /usr/bin/perl "-MExtUtils::Command::MM" "-e" "test_harness(0, 'blib/lib', 'blib/arch')" t/*.t
t/abs.t ................... ok
t/clone.t ................. ok
t/cwd.t ................... ok
t/data.t .................. ok
t/distmanifest.t .......... skipped: these tests are for authors only!
t/escape-char.t ........... ok
t/escape.t ................ ok
t/file.t .................. ok
t/ftp.t ................... ok
t/generic.t ............... ok
t/gopher.t ................ ok
t/heuristic.t ............. ok
t/http.t .................. ok
t/idna.t .................. ok
t/iri.t ................... ok
t/ldap.t .................. ok
t/mailto.t ................ ok
t/mix.t ................... ok
t/mms.t ................... ok
t/news.t .................. ok
t/num_eq.t ................ ok
t/old-absconf.t ........... ok
t/old-base.t .............. ok
t/old-file.t .............. ok
t/old-relbase.t ........... ok
t/path-segments.t ......... ok
t/pop.t ................... ok
t/punycode.t .............. ok
t/query-param.t ........... ok
t/query.t ................. ok
t/rel.t ................... ok
t/rfc2732.t ............... ok
t/roy-test.t .............. ok
t/rsync.t ................. ok
t/rtsp.t .................. ok
t/sip.t ................... ok
t/sort-hash-query-form.t .. ok
t/split.t ................. ok
t/storable.t .............. ok
t/urn-isbn.t .............. skipped: Needs the Business::ISBN module installed
t/urn-oid.t ............... ok
t/utf8.t .................. ok
All tests successful.
Files=42, Tests=620,  1 wallclock secs ( 0.14 usr  0.02 sys +  0.76 cusr  0.11 csys =  1.03 CPU)
Result: PASS
Installing /usr/local/share/perl/5.18.2/URI.pm
Installing /usr/local/share/perl/5.18.2/URI/_segment.pm
Installing /usr/local/share/perl/5.18.2/URI/QueryParam.pm
Installing /usr/local/share/perl/5.18.2/URI/ldapi.pm
Installing /usr/local/share/perl/5.18.2/URI/telnet.pm
Installing /usr/local/share/perl/5.18.2/URI/mailto.pm
Installing /usr/local/share/perl/5.18.2/URI/Heuristic.pm
Installing /usr/local/share/perl/5.18.2/URI/_userpass.pm
Installing /usr/local/share/perl/5.18.2/URI/http.pm
Installing /usr/local/share/perl/5.18.2/URI/mms.pm
Installing /usr/local/share/perl/5.18.2/URI/ftp.pm
Installing /usr/local/share/perl/5.18.2/URI/pop.pm
Installing /usr/local/share/perl/5.18.2/URI/rsync.pm
Installing /usr/local/share/perl/5.18.2/URI/rlogin.pm
Installing /usr/local/share/perl/5.18.2/URI/URL.pm
Installing /usr/local/share/perl/5.18.2/URI/nntp.pm
Installing /usr/local/share/perl/5.18.2/URI/gopher.pm
Installing /usr/local/share/perl/5.18.2/URI/Escape.pm
Installing /usr/local/share/perl/5.18.2/URI/tn3270.pm
Installing /usr/local/share/perl/5.18.2/URI/rtsp.pm
Installing /usr/local/share/perl/5.18.2/URI/data.pm
Installing /usr/local/share/perl/5.18.2/URI/rtspu.pm
Installing /usr/local/share/perl/5.18.2/URI/_ldap.pm
Installing /usr/local/share/perl/5.18.2/URI/news.pm
Installing /usr/local/share/perl/5.18.2/URI/_server.pm
Installing /usr/local/share/perl/5.18.2/URI/_foreign.pm
Installing /usr/local/share/perl/5.18.2/URI/file.pm
Installing /usr/local/share/perl/5.18.2/URI/IRI.pm
Installing /usr/local/share/perl/5.18.2/URI/_generic.pm
Installing /usr/local/share/perl/5.18.2/URI/WithBase.pm
Installing /usr/local/share/perl/5.18.2/URI/urn.pm
Installing /usr/local/share/perl/5.18.2/URI/sftp.pm
Installing /usr/local/share/perl/5.18.2/URI/sip.pm
Installing /usr/local/share/perl/5.18.2/URI/_query.pm
Installing /usr/local/share/perl/5.18.2/URI/ldap.pm
Installing /usr/local/share/perl/5.18.2/URI/https.pm
Installing /usr/local/share/perl/5.18.2/URI/_login.pm
Installing /usr/local/share/perl/5.18.2/URI/Split.pm
Installing /usr/local/share/perl/5.18.2/URI/ssh.pm
Installing /usr/local/share/perl/5.18.2/URI/sips.pm
Installing /usr/local/share/perl/5.18.2/URI/_punycode.pm
Installing /usr/local/share/perl/5.18.2/URI/snews.pm
Installing /usr/local/share/perl/5.18.2/URI/ldaps.pm
Installing /usr/local/share/perl/5.18.2/URI/_idna.pm
Installing /usr/local/share/perl/5.18.2/URI/file/FAT.pm
Installing /usr/local/share/perl/5.18.2/URI/file/Win32.pm
Installing /usr/local/share/perl/5.18.2/URI/file/Base.pm
Installing /usr/local/share/perl/5.18.2/URI/file/Unix.pm
Installing /usr/local/share/perl/5.18.2/URI/file/Mac.pm
Installing /usr/local/share/perl/5.18.2/URI/file/OS2.pm
Installing /usr/local/share/perl/5.18.2/URI/file/QNX.pm
Installing /usr/local/share/perl/5.18.2/URI/urn/isbn.pm
Installing /usr/local/share/perl/5.18.2/URI/urn/oid.pm
Installing /usr/local/man/man3/URI::ldap.3pm
Installing /usr/local/man/man3/URI.3pm
Installing /usr/local/man/man3/URI::WithBase.3pm
Installing /usr/local/man/man3/URI::data.3pm
Installing /usr/local/man/man3/URI::QueryParam.3pm
Installing /usr/local/man/man3/URI::URL.3pm
Installing /usr/local/man/man3/URI::Split.3pm
Installing /usr/local/man/man3/URI::Heuristic.3pm
Installing /usr/local/man/man3/URI::file.3pm
Installing /usr/local/man/man3/URI::Escape.3pm
Installing /usr/local/man/man3/URI::_punycode.3pm
Appending installation info to /usr/local/lib/perl/5.18.2/perllocal.pod
-> OK
Successfully installed URI-1.69
Installing /usr/local/share/perl/5.18.2/x86_64-linux-gnu-thread-multi/.meta/URI-1.69/install.json
Installing /usr/local/share/perl/5.18.2/x86_64-linux-gnu-thread-multi/.meta/URI-1.69/MYMETA.json
Searching IO::Socket::SSL on cpanmetadb ...
--> Working on IO::Socket::SSL
Fetching http://www.cpan.org/authors/id/S/SU/SULLR/IO-Socket-SSL-2.020.tar.gz
-> OK
Unpacking IO-Socket-SSL-2.020.tar.gz
Entering IO-Socket-SSL-2.020
Checking configure dependencies from META.json
Checking if you have ExtUtils::MakeMaker 0 ... Yes (6.66)
Configuring IO-Socket-SSL-2.020
Running Makefile.PL
Checking if your kit is complete...
Looks good
Warning: prerequisite Mozilla::CA 0 not found.
Warning: prerequisite Net::SSLeay 1.46 not found.
Writing Makefile for IO::Socket::SSL
Writing MYMETA.yml and MYMETA.json
-> OK
Checking dependencies from MYMETA.json ...
Checking if you have Net::SSLeay 1.46 ... No
Checking if you have Scalar::Util 0 ... Yes (1.27)
Checking if you have ExtUtils::MakeMaker 0 ... Yes (6.66)
Checking if you have Mozilla::CA 0 ... No
==> Found dependencies: Net::SSLeay, Mozilla::CA
Searching Net::SSLeay on cpanmetadb ...
--> Working on Net::SSLeay
Fetching http://www.cpan.org/authors/id/M/MI/MIKEM/Net-SSLeay-1.72.tar.gz
-> OK
Unpacking Net-SSLeay-1.72.tar.gz
Entering Net-SSLeay-1.72
Checking configure dependencies from META.yml
Checking if you have ExtUtils::MakeMaker 6.36 ... Yes (6.66)
Configuring Net-SSLeay-1.72
Running Makefile.PL
NA: Unable to build distribution on this platform.
Unresolvable missing external dependency.
This package requires a C compiler.
-> N/A
-> FAIL Configure failed for Net-SSLeay-1.72. See /home/ubuntu/.cpanm/work/1444156215.7244/build.log for details.
Searching Mozilla::CA on cpanmetadb ...
--> Working on Mozilla::CA
Fetching http://www.cpan.org/authors/id/A/AB/ABH/Mozilla-CA-20150826.tar.gz
-> OK
Unpacking Mozilla-CA-20150826.tar.gz
Entering Mozilla-CA-20150826
Checking configure dependencies from META.json
Checking if you have ExtUtils::MakeMaker 0 ... Yes (6.66)
Configuring Mozilla-CA-20150826
Running Makefile.PL
Checking if your kit is complete...
Looks good
Writing Makefile for Mozilla::CA
Writing MYMETA.yml and MYMETA.json
-> OK
Checking dependencies from MYMETA.json ...
Checking if you have Test 0 ... Yes (1.26)
Building and testing Mozilla-CA-20150826
cp lib/Mozilla/CA/cacert.pem blib/lib/Mozilla/CA/cacert.pem
cp lib/Mozilla/CA.pm blib/lib/Mozilla/CA.pm
cp mk-ca-bundle.pl blib/lib/Mozilla/mk-ca-bundle.pl
Manifying blib/man3/Mozilla::CA.3pm
PERL_DL_NONLAZY=1 /usr/bin/perl "-MExtUtils::Command::MM" "-e" "test_harness(0, 'blib/lib', 'blib/arch')" t/*.t
t/locate-file.t .. ok
All tests successful.
Files=1, Tests=3,  0 wallclock secs ( 0.01 usr  0.00 sys +  0.01 cusr  0.00 csys =  0.02 CPU)
Result: PASS
Manifying blib/man3/Mozilla::CA.3pm
Installing /usr/local/share/perl/5.18.2/Mozilla/CA.pm
Installing /usr/local/share/perl/5.18.2/Mozilla/mk-ca-bundle.pl
Installing /usr/local/share/perl/5.18.2/Mozilla/CA/cacert.pem
Installing /usr/local/man/man3/Mozilla::CA.3pm
Appending installation info to /usr/local/lib/perl/5.18.2/perllocal.pod
-> OK
Successfully installed Mozilla-CA-20150826
Installing /usr/local/share/perl/5.18.2/x86_64-linux-gnu-thread-multi/.meta/Mozilla-CA-20150826/install.json
Installing /usr/local/share/perl/5.18.2/x86_64-linux-gnu-thread-multi/.meta/Mozilla-CA-20150826/MYMETA.json
-> FAIL Installing the dependencies failed: Module 'Net::SSLeay' is not installed
-> FAIL Bailing out the installation for IO-Socket-SSL-2.020.
Searching Mouse on cpanmetadb ...
--> Working on Mouse
Fetching http://www.cpan.org/authors/id/S/SY/SYOHEX/Mouse-v2.4.5.tar.gz
-> OK
Unpacking Mouse-v2.4.5.tar.gz
Entering Mouse-v2.4.5
Checking configure dependencies from META.json
Checking if you have Module::Build::XSUtil 0 ... No
Checking if you have Module::Build 0.4005 ... No (0.4003 < 0.4005)
Checking if you have ExtUtils::ParseXS 3.22 ... No (3.18 < 3.22)
Checking if you have Devel::PPPort 3.22 ... No (3.20 < 3.22)
==> Found dependencies: Module::Build::XSUtil, Module::Build, ExtUtils::ParseXS, Devel::PPPort
Searching Module::Build::XSUtil on cpanmetadb ...
--> Working on Module::Build::XSUtil
Fetching http://www.cpan.org/authors/id/H/HI/HIDEAKIO/Module-Build-XSUtil-0.16.tar.gz
-> OK
Unpacking Module-Build-XSUtil-0.16.tar.gz
Entering Module-Build-XSUtil-0.16
Checking configure dependencies from META.json
Checking if you have Module::Build 0.4005 ... No (0.4003 < 0.4005)
==> Found dependencies: Module::Build
Searching Module::Build on cpanmetadb ...
--> Working on Module::Build
Fetching http://www.cpan.org/authors/id/L/LE/LEONT/Module-Build-0.4214.tar.gz
-> OK
Unpacking Module-Build-0.4214.tar.gz
Entering Module-Build-0.4214
Checking configure dependencies from META.json
Checking if you have version 0.87 ... Yes (0.9902)
Checking if you have Perl::OSType 1 ... Yes (1.003)
Checking if you have CPAN::Meta 2.142060 ... No (2.133380 < 2.142060)
Checking if you have Module::Metadata 1.000002 ... Yes (1.000019)
Checking if you have Module::Build 0.36 ... Yes (0.4003)
==> Found dependencies: CPAN::Meta
Searching CPAN::Meta on cpanmetadb ...
--> Working on CPAN::Meta
Fetching http://www.cpan.org/authors/id/D/DA/DAGOLDEN/CPAN-Meta-2.150005.tar.gz
-> OK
Unpacking CPAN-Meta-2.150005.tar.gz
Entering CPAN-Meta-2.150005
Checking configure dependencies from META.json
Checking if you have ExtUtils::MakeMaker 6.17 ... Yes (6.66)
Configuring CPAN-Meta-2.150005
Running Makefile.PL
Warning: prerequisite Parse::CPAN::Meta 1.4414 not found. We have 1.4409.
Checking if your kit is complete...
Looks good
Writing Makefile for CPAN::Meta
Writing MYMETA.yml and MYMETA.json
-> OK
Checking dependencies from MYMETA.json ...
Checking if you have File::Spec 0 ... Yes (3.40)
Checking if you have JSON::PP 2.27200 ... Yes (2.27202)
Checking if you have overload 0 ... Yes (1.22)
Checking if you have utf8 0 ... Yes (1.10)
Checking if you have File::Temp 0.20 ... Yes (0.23)
Checking if you have File::Basename 0 ... Yes (2.84)
Checking if you have strict 0 ... Yes (1.07)
Checking if you have CPAN::Meta::Requirements 2.121 ... Yes (2.125)
Checking if you have warnings 0 ... Yes (1.18)
Checking if you have CPAN::Meta::YAML 0.008 ... Yes (0.008)
Checking if you have Scalar::Util 0 ... Yes (1.27)
Checking if you have Parse::CPAN::Meta 1.4414 ... No (1.4409 < 1.4414)
Checking if you have Carp 0 ... Yes (1.29)
Checking if you have Data::Dumper 0 ... Yes (2.145)
Checking if you have IO::Dir 0 ... Yes (1.10)
Checking if you have ExtUtils::MakeMaker 0 ... Yes (6.66)
Checking if you have version 0.88 ... Yes (0.9902)
Checking if you have Test::More 0.88 ... Yes (1.001014)
==> Found dependencies: Parse::CPAN::Meta
Searching Parse::CPAN::Meta on cpanmetadb ...
--> Working on Parse::CPAN::Meta
Fetching http://www.cpan.org/authors/id/D/DA/DAGOLDEN/Parse-CPAN-Meta-1.4417.tar.gz
-> OK
Unpacking Parse-CPAN-Meta-1.4417.tar.gz
Entering Parse-CPAN-Meta-1.4417
Checking configure dependencies from META.json
Checking if you have ExtUtils::MakeMaker 0 ... Yes (6.66)
Configuring Parse-CPAN-Meta-1.4417
Running Makefile.PL
Warning: prerequisite CPAN::Meta::YAML 0.011 not found. We have 0.008.
Checking if your kit is complete...
Looks good
Writing Makefile for Parse::CPAN::Meta
Writing MYMETA.yml and MYMETA.json
-> OK
Checking dependencies from MYMETA.json ...
Checking if you have lib 0 ... Yes (0.63)
Checking if you have Exporter 0 ... Yes (5.68)
Checking if you have Carp 0 ... Yes (1.29)
Checking if you have File::Spec 0.80 ... Yes (3.40)
Checking if you have JSON::PP 2.27200 ... Yes (2.27202)
Checking if you have vars 0 ... Yes (1.03)
Checking if you have CPAN::Meta::YAML 0.011 ... No (0.008 < 0.011)
Checking if you have File::Spec::Functions 0 ... Yes (3.40)
Checking if you have Encode 0 ... Yes (2.49)
Checking if you have Test::More 0.47 ... Yes (1.001014)
Checking if you have warnings 0 ... Yes (1.18)
Checking if you have ExtUtils::MakeMaker 0 ... Yes (6.66)
Checking if you have strict 0 ... Yes (1.07)
==> Found dependencies: CPAN::Meta::YAML
Searching CPAN::Meta::YAML on cpanmetadb ...
--> Working on CPAN::Meta::YAML
Fetching http://www.cpan.org/authors/id/D/DA/DAGOLDEN/CPAN-Meta-YAML-0.016.tar.gz
-> OK
Unpacking CPAN-Meta-YAML-0.016.tar.gz
Entering CPAN-Meta-YAML-0.016
Checking configure dependencies from META.json
Checking if you have ExtUtils::MakeMaker 6.17 ... Yes (6.66)
Configuring CPAN-Meta-YAML-0.016
Running Makefile.PL
Checking if your kit is complete...
Looks good
Writing Makefile for CPAN::Meta::YAML
Writing MYMETA.yml and MYMETA.json
-> OK
Checking dependencies from MYMETA.json ...
Checking if you have File::Spec 0 ... Yes (3.40)
Checking if you have JSON::PP 0 ... Yes (2.27202)
Checking if you have vars 0 ... Yes (1.03)
Checking if you have File::Find 0 ... Yes (1.23)
Checking if you have Exporter 0 ... Yes (5.68)
Checking if you have File::Temp 0.19 ... Yes (0.23)
Checking if you have utf8 0 ... Yes (1.10)
Checking if you have B 0 ... Yes (1.42_02)
Checking if you have File::Basename 0 ... Yes (2.84)
Checking if you have strict 0 ... Yes (1.07)
Checking if you have warnings 0 ... Yes (1.18)
Checking if you have Scalar::Util 0 ... Yes (1.27)
Checking if you have Carp 0 ... Yes (1.29)
Checking if you have lib 0 ... Yes (0.63)
Checking if you have Fcntl 0 ... Yes (1.11)
Checking if you have IO::Dir 0 ... Yes (1.10)
Checking if you have ExtUtils::MakeMaker 0 ... Yes (6.66)
Checking if you have Test::More 0.99 ... Yes (1.001014)
Checking if you have File::Spec::Functions 0 ... Yes (3.40)
Building and testing CPAN-Meta-YAML-0.016
cp lib/CPAN/Meta/YAML.pm blib/lib/CPAN/Meta/YAML.pm
Manifying blib/man3/CPAN::Meta::YAML.3pm
PERL_DL_NONLAZY=1 /usr/bin/perl "-MExtUtils::Command::MM" "-e" "test_harness(0, 'blib/lib', 'blib/arch')" t/*.t
# 
# Versions for all modules listed in MYMETA.json (including optional ones):
# 
# === Configure Requires ===
# 
#     Module              Want Have
#     ------------------- ---- ----
#     ExtUtils::MakeMaker 6.17 6.66
# 
# === Build Requires ===
# 
#     Module              Want Have
#     ------------------- ---- ----
#     ExtUtils::MakeMaker  any 6.66
# 
# === Test Requires ===
# 
#     Module                Want     Have
#     --------------------- ---- --------
#     ExtUtils::MakeMaker    any     6.66
#     File::Basename         any     2.84
#     File::Find             any     1.23
#     File::Spec             any     3.40
#     File::Spec::Functions  any     3.40
#     File::Temp            0.19     0.23
#     IO::Dir                any     1.10
#     JSON::PP               any  2.27202
#     Test::More            0.99 1.001014
#     lib                    any     0.63
#     utf8                   any     1.10
#     vars                   any     1.03
# 
# === Test Recommends ===
# 
#     Module         Want     Have
#     ---------- -------- --------
#     CPAN::Meta 2.120900 2.133380
# 
# === Runtime Requires ===
# 
#     Module       Want    Have
#     ------------ ---- -------
#     B             any 1.42_02
#     Carp          any    1.29
#     Exporter      any    5.68
#     Fcntl         any    1.11
#     Scalar::Util  any    1.27
#     strict        any    1.07
#     warnings      any    1.18
# 
t/00-report-prereqs.t .. ok
t/01_api.t ............. ok
t/01_compile.t ......... ok
t/10_read.t ............ ok
t/11_read_string.t ..... ok
t/12_write.t ........... ok
t/13_write_string.t .... ok
t/20_subclass.t ........ ok
t/21_yamlpm_compat.t ... ok
# using JSON backend: JSON::PP
t/30_yaml_spec_tml.t ... ok
t/31_local_tml.t ....... ok
t/32_world_tml.t ....... ok
t/86_fail.t ............ ok
All tests successful.
Files=13, Tests=57,  1 wallclock secs ( 0.15 usr  0.01 sys +  0.82 cusr  0.07 csys =  1.05 CPU)
Result: PASS
Manifying blib/man3/CPAN::Meta::YAML.3pm
Installing /usr/local/share/perl/5.18.2/CPAN/Meta/YAML.pm
Installing /usr/local/man/man3/CPAN::Meta::YAML.3pm
Appending installation info to /usr/local/lib/perl/5.18.2/perllocal.pod
-> OK
Successfully installed CPAN-Meta-YAML-0.016 (upgraded from 0.008)
Installing /usr/local/share/perl/5.18.2/x86_64-linux-gnu-thread-multi/.meta/CPAN-Meta-YAML-0.016/install.json
Installing /usr/local/share/perl/5.18.2/x86_64-linux-gnu-thread-multi/.meta/CPAN-Meta-YAML-0.016/MYMETA.json
Building and testing Parse-CPAN-Meta-1.4417
cp lib/Parse/CPAN/Meta.pm blib/lib/Parse/CPAN/Meta.pm
Manifying blib/man3/Parse::CPAN::Meta.3pm
PERL_DL_NONLAZY=1 /usr/bin/perl "-MExtUtils::Command::MM" "-e" "test_harness(0, 'blib/lib', 'blib/arch')" t/*.t
# 
# Versions for all modules listed in MYMETA.json (including optional ones):
# 
# === Configure Requires ===
# 
#     Module              Want Have
#     ------------------- ---- ----
#     ExtUtils::MakeMaker  any 6.66
# 
# === Build Requires ===
# 
#     Module              Want Have
#     ------------------- ---- ----
#     ExtUtils::MakeMaker  any 6.66
# 
# === Test Requires ===
# 
#     Module                Want     Have
#     --------------------- ---- --------
#     ExtUtils::MakeMaker    any     6.66
#     File::Spec            0.80     3.40
#     File::Spec::Functions  any     3.40
#     Test::More            0.47 1.001014
#     lib                    any     0.63
#     vars                   any     1.03
#     warnings               any     1.18
# 
# === Test Recommends ===
# 
#     Module         Want     Have
#     ---------- -------- --------
#     CPAN::Meta 2.120900 2.133380
# 
# === Runtime Requires ===
# 
#     Module              Want    Have
#     ---------------- ------- -------
#     CPAN::Meta::YAML   0.011   0.016
#     Carp                 any    1.29
#     Encode               any    2.49
#     Exporter             any    5.68
#     File::Spec          0.80    3.40
#     JSON::PP         2.27200 2.27202
#     strict               any    1.07
# 
t/00-report-prereqs.t .. ok
t/02_api.t ............. ok
t/03_functions.t ....... ok
t/04_export.t .......... ok
t/05_errors.t .......... ok
All tests successful.
Files=5, Tests=52,  0 wallclock secs ( 0.02 usr  0.00 sys +  0.20 cusr  0.02 csys =  0.24 CPU)
Result: PASS
Installing /usr/local/share/perl/5.18.2/Parse/CPAN/Meta.pm
Installing /usr/local/man/man3/Parse::CPAN::Meta.3pm
Appending installation info to /usr/local/lib/perl/5.18.2/perllocal.pod
-> OK
Successfully installed Parse-CPAN-Meta-1.4417 (upgraded from 1.4409)
Installing /usr/local/share/perl/5.18.2/x86_64-linux-gnu-thread-multi/.meta/Parse-CPAN-Meta-1.4417/install.json
Installing /usr/local/share/perl/5.18.2/x86_64-linux-gnu-thread-multi/.meta/Parse-CPAN-Meta-1.4417/MYMETA.json
Building and testing CPAN-Meta-2.150005
cp lib/CPAN/Meta/History/Meta_1_4.pod blib/lib/CPAN/Meta/History/Meta_1_4.pod
cp lib/CPAN/Meta/History/Meta_1_2.pod blib/lib/CPAN/Meta/History/Meta_1_2.pod
cp lib/CPAN/Meta/Converter.pm blib/lib/CPAN/Meta/Converter.pm
cp lib/CPAN/Meta/History/Meta_1_1.pod blib/lib/CPAN/Meta/History/Meta_1_1.pod
cp lib/CPAN/Meta/Spec.pm blib/lib/CPAN/Meta/Spec.pm
cp lib/CPAN/Meta/Feature.pm blib/lib/CPAN/Meta/Feature.pm
cp lib/CPAN/Meta.pm blib/lib/CPAN/Meta.pm
cp lib/CPAN/Meta/History.pm blib/lib/CPAN/Meta/History.pm
cp lib/CPAN/Meta/Validator.pm blib/lib/CPAN/Meta/Validator.pm
cp lib/CPAN/Meta/Prereqs.pm blib/lib/CPAN/Meta/Prereqs.pm
cp lib/CPAN/Meta/History/Meta_1_3.pod blib/lib/CPAN/Meta/History/Meta_1_3.pod
cp lib/CPAN/Meta/Merge.pm blib/lib/CPAN/Meta/Merge.pm
cp lib/CPAN/Meta/History/Meta_1_0.pod blib/lib/CPAN/Meta/History/Meta_1_0.pod
Manifying blib/man3/CPAN::Meta::Feature.3pm
Manifying blib/man3/CPAN::Meta.3pm
Manifying blib/man3/CPAN::Meta::Spec.3pm
Manifying blib/man3/CPAN::Meta::History::Meta_1_1.3pm
Manifying blib/man3/CPAN::Meta::Converter.3pm
Manifying blib/man3/CPAN::Meta::History::Meta_1_3.3pm
Manifying blib/man3/CPAN::Meta::History::Meta_1_4.3pm
Manifying blib/man3/CPAN::Meta::History.3pm
Manifying blib/man3/CPAN::Meta::History::Meta_1_2.3pm
Manifying blib/man3/CPAN::Meta::History::Meta_1_0.3pm
Manifying blib/man3/CPAN::Meta::Merge.3pm
Manifying blib/man3/CPAN::Meta::Prereqs.3pm
Manifying blib/man3/CPAN::Meta::Validator.3pm
PERL_DL_NONLAZY=1 /usr/bin/perl "-MExtUtils::Command::MM" "-e" "test_harness(0, 'blib/lib', 'blib/arch')" t/*.t
# 
# Versions for all modules listed in MYMETA.json (including optional ones):
# 
# === Configure Requires ===
# 
#     Module              Want Have
#     ------------------- ---- ----
#     ExtUtils::MakeMaker 6.17 6.66
# 
# === Build Requires ===
# 
#     Module              Want Have
#     ------------------- ---- ----
#     ExtUtils::MakeMaker  any 6.66
# 
# === Test Requires ===
# 
#     Module              Want     Have
#     ------------------- ---- --------
#     Data::Dumper         any    2.145
#     ExtUtils::MakeMaker  any     6.66
#     File::Basename       any     2.84
#     File::Spec           any     3.40
#     File::Temp          0.20     0.23
#     IO::Dir              any     1.10
#     Test::More          0.88 1.001014
#     overload             any     1.22
#     utf8                 any     1.10
# 
# === Test Recommends ===
# 
#     Module         Want     Have
#     ---------- -------- --------
#     CPAN::Meta 2.120900 2.150005
# 
# === Runtime Requires ===
# 
#     Module                      Want    Have
#     ------------------------ ------- -------
#     CPAN::Meta::Requirements   2.121   2.125
#     CPAN::Meta::YAML           0.008   0.016
#     Carp                         any    1.29
#     JSON::PP                 2.27200 2.27202
#     Parse::CPAN::Meta         1.4414  1.4417
#     Scalar::Util                 any    1.27
#     strict                       any    1.07
#     version                     0.88  0.9902
#     warnings                     any    1.18
# 
t/00-report-prereqs.t ....... ok
t/converter-bad.t ........... ok
t/converter-fail.t .......... ok
t/converter-fragments.t ..... ok
t/converter.t ............... ok
t/load-bad.t ................ ok
t/merge.t ................... ok
t/meta-obj.t ................ ok
t/no-index.t ................ ok
t/optional_feature-merge.t .. ok
t/prereqs-finalize.t ........ ok
t/prereqs-merge.t ........... ok
t/prereqs.t ................. ok
t/repository.t .............. ok
t/save-load.t ............... ok
t/validator.t ............... ok
All tests successful.
Files=16, Tests=597,  2 wallclock secs ( 0.08 usr  0.01 sys +  1.45 cusr  0.09 csys =  1.63 CPU)
Result: PASS
Installing /usr/local/share/perl/5.18.2/CPAN/Meta.pm
Installing /usr/local/share/perl/5.18.2/CPAN/Meta/Validator.pm
Installing /usr/local/share/perl/5.18.2/CPAN/Meta/Spec.pm
Installing /usr/local/share/perl/5.18.2/CPAN/Meta/History.pm
Installing /usr/local/share/perl/5.18.2/CPAN/Meta/Feature.pm
Installing /usr/local/share/perl/5.18.2/CPAN/Meta/Converter.pm
Installing /usr/local/share/perl/5.18.2/CPAN/Meta/Prereqs.pm
Installing /usr/local/share/perl/5.18.2/CPAN/Meta/Merge.pm
Installing /usr/local/share/perl/5.18.2/CPAN/Meta/History/Meta_1_0.pod
Installing /usr/local/share/perl/5.18.2/CPAN/Meta/History/Meta_1_1.pod
Installing /usr/local/share/perl/5.18.2/CPAN/Meta/History/Meta_1_2.pod
Installing /usr/local/share/perl/5.18.2/CPAN/Meta/History/Meta_1_3.pod
Installing /usr/local/share/perl/5.18.2/CPAN/Meta/History/Meta_1_4.pod
Installing /usr/local/man/man3/CPAN::Meta::Merge.3pm
Installing /usr/local/man/man3/CPAN::Meta::History::Meta_1_2.3pm
Installing /usr/local/man/man3/CPAN::Meta::Prereqs.3pm
Installing /usr/local/man/man3/CPAN::Meta::History::Meta_1_1.3pm
Installing /usr/local/man/man3/CPAN::Meta::History::Meta_1_3.3pm
Installing /usr/local/man/man3/CPAN::Meta::Feature.3pm
Installing /usr/local/man/man3/CPAN::Meta::Spec.3pm
Installing /usr/local/man/man3/CPAN::Meta::History::Meta_1_0.3pm
Installing /usr/local/man/man3/CPAN::Meta.3pm
Installing /usr/local/man/man3/CPAN::Meta::Converter.3pm
Installing /usr/local/man/man3/CPAN::Meta::Validator.3pm
Installing /usr/local/man/man3/CPAN::Meta::History.3pm
Installing /usr/local/man/man3/CPAN::Meta::History::Meta_1_4.3pm
Appending installation info to /usr/local/lib/perl/5.18.2/perllocal.pod
-> OK
Successfully installed CPAN-Meta-2.150005 (upgraded from 2.133380)
Installing /usr/local/share/perl/5.18.2/x86_64-linux-gnu-thread-multi/.meta/CPAN-Meta-2.150005/install.json
Installing /usr/local/share/perl/5.18.2/x86_64-linux-gnu-thread-multi/.meta/CPAN-Meta-2.150005/MYMETA.json
Configuring Module-Build-0.4214
Running Build.PL

Checking optional features...
inc_bundling_support....disabled
  requires:
    ! inc::latest (0.4003) is installed, but we need version >= 0.5

ERRORS/WARNINGS FOUND IN PREREQUISITES.  You may wish to install the versions
of the modules indicated above before proceeding with this installation

Created MYMETA.yml and MYMETA.json
Creating new 'Build' script for 'Module-Build' version '0.4214'
-> OK
Checking dependencies from MYMETA.json ...
Checking if you have File::Spec 0.82 ... Yes (3.40)
Checking if you have CPAN::Meta 2.142060 ... Yes (2.150005)
Checking if you have ExtUtils::CBuilder 0.27 ... Yes (0.280210)
Checking if you have ExtUtils::ParseXS 2.21 ... Yes (3.18)
Checking if you have File::Find 0 ... Yes (1.23)
Checking if you have Test::Harness 3.16 ... Yes (3.26)
Checking if you have File::Copy 0 ... Yes (2.26)
Checking if you have ExtUtils::Manifest 0 ... Yes (1.63)
Checking if you have File::Temp 0.15 ... Yes (0.23)
Checking if you have File::Basename 0 ... Yes (2.84)
Checking if you have Module::Metadata 1.000002 ... Yes (1.000019)
Checking if you have Perl::OSType 1 ... Yes (1.003)
Checking if you have CPAN::Meta::YAML 0.003 ... Yes (0.016)
Checking if you have Parse::CPAN::Meta 1.4401 ... Yes (1.4417)
Checking if you have Text::ParseWords 0 ... Yes (3.28)
Checking if you have File::Compare 0 ... Yes (1.1006)
Checking if you have File::Path 0 ... Yes (2.09)
Checking if you have Data::Dumper 0 ... Yes (2.145)
Checking if you have ExtUtils::Mkbootstrap 0 ... Yes (6.66)
Checking if you have Cwd 0 ... Yes (3.40)
Checking if you have Pod::Man 2.17 ... Yes (2.27)
Checking if you have Getopt::Long 0 ... Yes (2.39)
Checking if you have ExtUtils::Install 0 ... Yes (1.59)
Checking if you have Test::More 0.49 ... Yes (1.001014)
Checking if you have Text::Abbrev 0 ... Yes (1.02)
Checking if you have version 0.87 ... Yes (0.9902)
Building and testing Module-Build-0.4214
Building Module-Build
t/00-compile.t ................. ok
t/PL_files.t ................... ok
t/actions/installdeps.t ........ ok
t/actions/manifest_skip.t ...... ok
t/add_property.t ............... ok
t/add_property_array.t ......... ok
t/add_property_hash.t .......... ok
t/basic.t ...................... ok
t/bundle_inc.t ................. skipped: $ENV{MB_TEST_EXPERIMENTAL} is not set
t/compat.t ..................... ok
t/compat/exit.t ................ ok
t/debug.t ...................... ok
t/destinations.t ............... ok
t/ext.t ........................ ok
t/extend.t ..................... ok
t/files.t ...................... ok
t/help.t ....................... ok
t/install.t .................... ok
t/install_extra_target.t ....... ok
t/manifypods.t ................. ok
t/manifypods_with_utf8.t ....... ok
t/metadata.t ................... ok
t/metadata2.t .................. ok
t/mymeta.t ..................... ok
t/new_from_context.t ........... ok
t/notes.t ...................... ok
t/par.t ........................ skipped: No compiler found
t/parents.t .................... ok
t/perl_mb_opt.t ................ ok
t/pod_parser.t ................. ok
t/ppm.t ........................ skipped: No compiler found
t/properties/dist_suffix.t ..... ok
t/properties/license.t ......... ok
t/properties/module_name.t ..... ok
t/properties/needs_compiler.t .. ok
t/properties/release_status.t .. ok
t/properties/requires.t ........ ok
t/properties/share_dir.t ....... ok
t/resume.t ..................... ok
t/runthrough.t ................. ok
t/sample.t ..................... ok
t/script_dist.t ................ ok
t/signature.t .................. ok
t/test_file_exts.t ............. ok
t/test_reqs.t .................. ok
t/test_type.t .................. ok
t/test_types.t ................. ok
t/tilde.t ...................... ok
t/unit_run_test_harness.t ...... ok
t/use_tap_harness.t ............ ok
t/versions.t ................... ok
t/write_default_maniskip.t ..... ok
t/xs.t ......................... skipped: No compiler found
All tests successful.
Files=53, Tests=1095, 30 wallclock secs ( 0.22 usr  0.04 sys + 25.34 cusr  4.43 csys = 30.03 CPU)
Result: PASS
Building Module-Build
Installing /usr/local/man/man1/config_data.1p
Installing /usr/local/share/perl/5.18.2/Module/Build.pm
Installing /usr/local/share/perl/5.18.2/Module/Build/API.pod
Installing /usr/local/share/perl/5.18.2/Module/Build/Dumper.pm
Installing /usr/local/share/perl/5.18.2/Module/Build/Base.pm
Installing /usr/local/share/perl/5.18.2/Module/Build/Compat.pm
Installing /usr/local/share/perl/5.18.2/Module/Build/Cookbook.pm
Installing /usr/local/share/perl/5.18.2/Module/Build/PodParser.pm
Installing /usr/local/share/perl/5.18.2/Module/Build/PPMMaker.pm
Installing /usr/local/share/perl/5.18.2/Module/Build/ConfigData.pm
Installing /usr/local/share/perl/5.18.2/Module/Build/Notes.pm
Installing /usr/local/share/perl/5.18.2/Module/Build/Config.pm
Installing /usr/local/share/perl/5.18.2/Module/Build/Authoring.pod
Installing /usr/local/share/perl/5.18.2/Module/Build/Bundling.pod
Installing /usr/local/share/perl/5.18.2/Module/Build/Platform/Default.pm
Installing /usr/local/share/perl/5.18.2/Module/Build/Platform/VOS.pm
Installing /usr/local/share/perl/5.18.2/Module/Build/Platform/Unix.pm
Installing /usr/local/share/perl/5.18.2/Module/Build/Platform/VMS.pm
Installing /usr/local/share/perl/5.18.2/Module/Build/Platform/os2.pm
Installing /usr/local/share/perl/5.18.2/Module/Build/Platform/darwin.pm
Installing /usr/local/share/perl/5.18.2/Module/Build/Platform/cygwin.pm
Installing /usr/local/share/perl/5.18.2/Module/Build/Platform/MacOS.pm
Installing /usr/local/share/perl/5.18.2/Module/Build/Platform/Windows.pm
Installing /usr/local/share/perl/5.18.2/Module/Build/Platform/aix.pm
Installing /usr/local/man/man3/Module::Build::Platform::Unix.3pm
Installing /usr/local/man/man3/Module::Build::Platform::VOS.3pm
Installing /usr/local/man/man3/Module::Build::Base.3pm
Installing /usr/local/man/man3/Module::Build::Platform::cygwin.3pm
Installing /usr/local/man/man3/Module::Build::Authoring.3pm
Installing /usr/local/man/man3/Module::Build::Compat.3pm
Installing /usr/local/man/man3/Module::Build::Platform::VMS.3pm
Installing /usr/local/man/man3/Module::Build::Platform::MacOS.3pm
Installing /usr/local/man/man3/Module::Build::Cookbook.3pm
Installing /usr/local/man/man3/Module::Build::ConfigData.3pm
Installing /usr/local/man/man3/Module::Build::Notes.3pm
Installing /usr/local/man/man3/Module::Build::Platform::Windows.3pm
Installing /usr/local/man/man3/Module::Build::Platform::aix.3pm
Installing /usr/local/man/man3/Module::Build::Platform::os2.3pm
Installing /usr/local/man/man3/Module::Build::Bundling.3pm
Installing /usr/local/man/man3/Module::Build::PPMMaker.3pm
Installing /usr/local/man/man3/Module::Build::Platform::Default.3pm
Installing /usr/local/man/man3/Module::Build::API.3pm
Installing /usr/local/man/man3/Module::Build::Platform::darwin.3pm
Installing /usr/local/man/man3/Module::Build.3pm
Installing /usr/local/bin/config_data
-> OK
Successfully installed Module-Build-0.4214 (upgraded from 0.4003)
Installing /usr/local/share/perl/5.18.2/x86_64-linux-gnu-thread-multi/.meta/Module-Build-0.4214/install.json
Installing /usr/local/share/perl/5.18.2/x86_64-linux-gnu-thread-multi/.meta/Module-Build-0.4214/MYMETA.json
Configuring Module-Build-XSUtil-0.16
Running Build.PL
Warning: ExtUtils::CBuilder not installed or no compiler detected
Proceeding with configuration, but compilation may fail during Build

Created MYMETA.yml and MYMETA.json
Creating new 'Build' script for 'Module-Build-XSUtil' version '0.16'
cp META.json MYMETA.json
cp META.yml MYMETA.yml
-> OK
Checking dependencies from MYMETA.json ...
Checking if you have File::Spec::Functions 0 ... Yes (3.40)
Checking if you have Cwd::Guard 0 ... No
Checking if you have Test::More 0.98 ... Yes (1.001014)
Checking if you have File::Copy::Recursive 0 ... No
Checking if you have Devel::CheckCompiler 0 ... No
Checking if you have parent 0 ... Yes (0.225)
Checking if you have File::Basename 0 ... Yes (2.84)
Checking if you have XSLoader 0 ... Yes (0.16)
Checking if you have File::Temp 0 ... Yes (0.23)
Checking if you have Exporter 0 ... Yes (5.68)
Checking if you have File::Path 0 ... Yes (2.09)
Checking if you have Capture::Tiny 0 ... No
Checking if you have Devel::PPPort 0 ... Yes (3.20)
Checking if you have ExtUtils::CBuilder 0 ... Yes (0.280210)
==> Found dependencies: Cwd::Guard, File::Copy::Recursive, Devel::CheckCompiler, Capture::Tiny
Searching Cwd::Guard on cpanmetadb ...
--> Working on Cwd::Guard
Fetching http://www.cpan.org/authors/id/K/KA/KAZEBURO/Cwd-Guard-0.04.tar.gz
-> OK
Unpacking Cwd-Guard-0.04.tar.gz
Entering Cwd-Guard-0.04
Checking configure dependencies from META.json
Checking if you have Module::Build 0.38 ... Yes (0.4214)
Checking if you have CPAN::Meta 0 ... Yes (2.150005)
Checking if you have CPAN::Meta::Prereqs 0 ... Yes (2.150005)
Checking if you have Module::Build 0.36 ... Yes (0.4214)
Configuring Cwd-Guard-0.04
Running Build.PL
Created MYMETA.yml and MYMETA.json
Creating new 'Build' script for 'Cwd-Guard' version '0.04'
Merging cpanfile prereqs to MYMETA.yml
Merging cpanfile prereqs to MYMETA.json
-> OK
Checking dependencies from MYMETA.json ...
Checking if you have if 0 ... Yes (0.0602)
Checking if you have parent 0 ... Yes (0.225)
Checking if you have Cwd 0 ... Yes (3.40)
Checking if you have Test::More 0 ... Yes (1.001014)
Checking if you have Exporter 0 ... Yes (5.68)
Building and testing Cwd-Guard-0.04
Building Cwd-Guard
t/00_compile.t .. ok
t/01_basic.t .... ok
All tests successful.
Files=2, Tests=6,  0 wallclock secs ( 0.02 usr  0.00 sys +  0.03 cusr  0.01 csys =  0.06 CPU)
Result: PASS
Building Cwd-Guard
Installing /usr/local/share/perl/5.18.2/Cwd/Guard.pm
Installing /usr/local/man/man3/Cwd::Guard.3pm
-> OK
Successfully installed Cwd-Guard-0.04
Installing /usr/local/share/perl/5.18.2/x86_64-linux-gnu-thread-multi/.meta/Cwd-Guard-0.04/install.json
Installing /usr/local/share/perl/5.18.2/x86_64-linux-gnu-thread-multi/.meta/Cwd-Guard-0.04/MYMETA.json
Searching File::Copy::Recursive on cpanmetadb ...
--> Working on File::Copy::Recursive
Fetching http://www.cpan.org/authors/id/D/DM/DMUEY/File-Copy-Recursive-0.38.tar.gz
-> OK
Unpacking File-Copy-Recursive-0.38.tar.gz
Entering File-Copy-Recursive-0.38
Checking configure dependencies from META.yml
Configuring File-Copy-Recursive-0.38
Running Makefile.PL
Checking if your kit is complete...
Looks good
Writing Makefile for File::Copy::Recursive
Writing MYMETA.yml and MYMETA.json
-> OK
Checking dependencies from MYMETA.json ...
Checking if you have ExtUtils::MakeMaker 0 ... Yes (6.66)
Checking if you have File::Spec 0 ... Yes (3.40)
Checking if you have File::Copy 0 ... Yes (2.26)
Building and testing File-Copy-Recursive-0.38
cp Recursive.pm blib/lib/File/Copy/Recursive.pm
Manifying blib/man3/File::Copy::Recursive.3pm
PERL_DL_NONLAZY=1 /usr/bin/perl "-MExtUtils::Command::MM" "-e" "test_harness(0, 'blib/lib', 'blib/arch')" t/*.t
t/1.t .. ok
All tests successful.
Files=1, Tests=1,  0 wallclock secs ( 0.02 usr  0.00 sys +  0.01 cusr  0.01 csys =  0.04 CPU)
Result: PASS
Manifying blib/man3/File::Copy::Recursive.3pm
Installing /usr/local/share/perl/5.18.2/File/Copy/Recursive.pm
Installing /usr/local/man/man3/File::Copy::Recursive.3pm
Appending installation info to /usr/local/lib/perl/5.18.2/perllocal.pod
-> OK
Successfully installed File-Copy-Recursive-0.38
Installing /usr/local/share/perl/5.18.2/x86_64-linux-gnu-thread-multi/.meta/File-Copy-Recursive-0.38/install.json
Installing /usr/local/share/perl/5.18.2/x86_64-linux-gnu-thread-multi/.meta/File-Copy-Recursive-0.38/MYMETA.json
Searching Devel::CheckCompiler on cpanmetadb ...
--> Working on Devel::CheckCompiler
Fetching http://www.cpan.org/authors/id/S/SY/SYOHEX/Devel-CheckCompiler-0.06.tar.gz
-> OK
Unpacking Devel-CheckCompiler-0.06.tar.gz
Entering Devel-CheckCompiler-0.06
Checking configure dependencies from META.json
Checking if you have Module::Build 0.38 ... Yes (0.4214)
Checking if you have Module::Build 0.36 ... Yes (0.4214)
Configuring Devel-CheckCompiler-0.06
Running Build.PL
Warning: ExtUtils::CBuilder not installed or no compiler detected
Proceeding with configuration, but compilation may fail during Build

Created MYMETA.yml and MYMETA.json
Creating new 'Build' script for 'Devel-CheckCompiler' version '0.06'
cp META.json MYMETA.json
cp META.yml MYMETA.yml
-> OK
Checking dependencies from MYMETA.json ...
Checking if you have ExtUtils::CBuilder 0 ... Yes (0.280210)
Checking if you have parent 0 ... Yes (0.225)
Checking if you have Test::Requires 0 ... No
Checking if you have File::Temp 0 ... Yes (0.23)
Checking if you have Test::More 0.98 ... Yes (1.001014)
Checking if you have Exporter 0 ... Yes (5.68)
==> Found dependencies: Test::Requires
Searching Test::Requires on cpanmetadb ...
--> Working on Test::Requires
Fetching http://www.cpan.org/authors/id/T/TO/TOKUHIROM/Test-Requires-0.10.tar.gz
-> OK
Unpacking Test-Requires-0.10.tar.gz
Entering Test-Requires-0.10
Checking configure dependencies from META.json
Checking if you have ExtUtils::MakeMaker 6.64 ... Yes (6.66)
Configuring Test-Requires-0.10
Running Makefile.PL
Warning: prerequisite perl 5.006 not found.
Checking if your kit is complete...
Looks good
Writing Makefile for Test::Requires
Writing MYMETA.yml and MYMETA.json
-> OK
Checking dependencies from MYMETA.json ...
Checking if you have ExtUtils::MakeMaker 6.59 ... Yes (6.66)
Checking if you have Test::More 0.47 ... Yes (1.001014)
Checking if you have Test::Builder::Module 0 ... Yes (1.001014)
Building and testing Test-Requires-0.10
cp lib/Test/Requires.pm blib/lib/Test/Requires.pm
Manifying blib/man3/Test::Requires.3pm
PERL_DL_NONLAZY=1 /usr/bin/perl "-MExtUtils::Command::MM" "-e" "test_harness(0, 'blib/lib', 'blib/arch')" t/*.t
# Test::More: 1.001014
t/00_compile.t ......... ok
t/01_simple.t .......... ok
t/02_no_plan.t ......... ok
t/03_import_hashref.t .. skipped: Test requires module 'Acme::Unknown::Missing::Module::Name' but it's not found
t/04_import_array.t .... skipped: Test requires module 'Acme::Unknown::Missing::Module::Name' but it's not found
t/05_success.t ......... ok
t/06_perlver.t ......... ok
All tests successful.
Files=7, Tests=15,  0 wallclock secs ( 0.03 usr  0.00 sys +  0.10 cusr  0.01 csys =  0.14 CPU)
Result: PASS
Manifying blib/man3/Test::Requires.3pm
Installing /usr/local/share/perl/5.18.2/Test/Requires.pm
Installing /usr/local/man/man3/Test::Requires.3pm
Appending installation info to /usr/local/lib/perl/5.18.2/perllocal.pod
-> OK
Successfully installed Test-Requires-0.10
Installing /usr/local/share/perl/5.18.2/x86_64-linux-gnu-thread-multi/.meta/Test-Requires-0.10/install.json
Installing /usr/local/share/perl/5.18.2/x86_64-linux-gnu-thread-multi/.meta/Test-Requires-0.10/MYMETA.json
Building and testing Devel-CheckCompiler-0.06
Building Devel-CheckCompiler
t/00_compile.t ......... ok
Your system is not support C99(OS unsupported)
t/assert-c99.t ......... ok
t/check_c99.t .......... ok
Your system is not support C99(OS unsupported)
t/check_c99_or_exit.t .. ok
t/executable.t ......... ok
All tests successful.
Files=5, Tests=10,  0 wallclock secs ( 0.02 usr  0.00 sys +  0.32 cusr  0.03 csys =  0.37 CPU)
Result: PASS
Building Devel-CheckCompiler
Installing /usr/local/share/perl/5.18.2/Devel/AssertC99.pm
Installing /usr/local/share/perl/5.18.2/Devel/CheckCompiler.pm
Installing /usr/local/man/man3/Devel::AssertC99.3pm
Installing /usr/local/man/man3/Devel::CheckCompiler.3pm
-> OK
Successfully installed Devel-CheckCompiler-0.06
Installing /usr/local/share/perl/5.18.2/x86_64-linux-gnu-thread-multi/.meta/Devel-CheckCompiler-0.06/install.json
Installing /usr/local/share/perl/5.18.2/x86_64-linux-gnu-thread-multi/.meta/Devel-CheckCompiler-0.06/MYMETA.json
Searching Capture::Tiny on cpanmetadb ...
--> Working on Capture::Tiny
Fetching http://www.cpan.org/authors/id/D/DA/DAGOLDEN/Capture-Tiny-0.30.tar.gz
-> OK
Unpacking Capture-Tiny-0.30.tar.gz
Entering Capture-Tiny-0.30
Checking configure dependencies from META.json
Checking if you have ExtUtils::MakeMaker 6.17 ... Yes (6.66)
Configuring Capture-Tiny-0.30
Running Makefile.PL
Checking if your kit is complete...
Looks good
Writing Makefile for Capture::Tiny
Writing MYMETA.yml and MYMETA.json
-> OK
Checking dependencies from MYMETA.json ...
Checking if you have ExtUtils::MakeMaker 0 ... Yes (6.66)
Checking if you have strict 0 ... Yes (1.07)
Checking if you have IO::Handle 0 ... Yes (1.34)
Checking if you have IO::File 0 ... Yes (1.16)
Checking if you have Test::More 0.62 ... Yes (1.001014)
Checking if you have warnings 0 ... Yes (1.18)
Checking if you have Scalar::Util 0 ... Yes (1.27)
Checking if you have File::Spec 0 ... Yes (3.40)
Checking if you have lib 0 ... Yes (0.63)
Checking if you have File::Temp 0 ... Yes (0.23)
Checking if you have Exporter 0 ... Yes (5.68)
Checking if you have Carp 0 ... Yes (1.29)
Building and testing Capture-Tiny-0.30
cp lib/Capture/Tiny.pm blib/lib/Capture/Tiny.pm
Manifying blib/man3/Capture::Tiny.3pm
PERL_DL_NONLAZY=1 /usr/bin/perl "-MExtUtils::Command::MM" "-e" "test_harness(0, 'blib/lib', 'blib/arch')" t/*.t
# 
# Versions for all modules listed in MYMETA.json (including optional ones):
# 
# === Configure Requires ===
# 
#     Module              Want Have
#     ------------------- ---- ----
#     ExtUtils::MakeMaker 6.17 6.66
# 
# === Build Requires ===
# 
#     Module              Want Have
#     ------------------- ---- ----
#     ExtUtils::MakeMaker  any 6.66
# 
# === Test Requires ===
# 
#     Module              Want     Have
#     ------------------- ---- --------
#     ExtUtils::MakeMaker  any     6.66
#     File::Spec           any     3.40
#     IO::File             any     1.16
#     Test::More          0.62 1.001014
#     lib                  any     0.63
# 
# === Test Recommends ===
# 
#     Module         Want     Have
#     ---------- -------- --------
#     CPAN::Meta 2.120900 2.150005
# 
# === Runtime Requires ===
# 
#     Module       Want Have
#     ------------ ---- ----
#     Carp          any 1.29
#     Exporter      any 5.68
#     File::Spec    any 3.40
#     File::Temp    any 0.23
#     IO::Handle    any 1.34
#     Scalar::Util  any 1.27
#     strict        any 1.07
#     warnings      any 1.18
# 
t/00-report-prereqs.t ...... ok
t/01-Capture-Tiny.t ........ ok
t/02-capture.t ............. ok
t/03-tee.t ................. ok
t/06-stdout-closed.t ....... ok
t/07-stderr-closed.t ....... ok
t/08-stdin-closed.t ........ ok
t/09-preserve-exit-code.t .. ok
t/10-stdout-string.t ....... ok
t/11-stderr-string.t ....... ok
t/12-stdin-string.t ........ ok
t/13-stdout-tied.t ......... ok
t/14-stderr-tied.t ......... ok
t/15-stdin-tied.t .......... ok
t/16-catch-errors.t ........ ok
t/17-pass-results.t ........ ok
t/18-custom-capture.t ...... ok
t/20-stdout-badtie.t ....... ok
t/21-stderr-badtie.t ....... ok
t/22-stdin-badtie.t ........ ok
t/23-all-tied.t ............ ok
t/24-all-badtied.t ......... ok
All tests successful.
Files=22, Tests=11996, 21 wallclock secs ( 0.91 usr  0.04 sys +  9.86 cusr  9.32 csys = 20.13 CPU)
Result: PASS
Manifying blib/man3/Capture::Tiny.3pm
Installing /usr/local/share/perl/5.18.2/Capture/Tiny.pm
Installing /usr/local/man/man3/Capture::Tiny.3pm
Appending installation info to /usr/local/lib/perl/5.18.2/perllocal.pod
-> OK
Successfully installed Capture-Tiny-0.30
Installing /usr/local/share/perl/5.18.2/x86_64-linux-gnu-thread-multi/.meta/Capture-Tiny-0.30/install.json
Installing /usr/local/share/perl/5.18.2/x86_64-linux-gnu-thread-multi/.meta/Capture-Tiny-0.30/MYMETA.json
Building and testing Module-Build-XSUtil-0.16
Building Module-Build-XSUtil
t/00_compile.t .. ok
t/01_build.t .... skipped: Will be fixed.
All tests successful.
Files=2, Tests=1,  0 wallclock secs ( 0.02 usr  0.00 sys +  0.06 cusr  0.01 csys =  0.09 CPU)
Result: PASS
Building Module-Build-XSUtil
Installing /usr/local/share/perl/5.18.2/Module/Build/XSUtil.pm
Installing /usr/local/man/man3/Module::Build::XSUtil.3pm
-> OK
Successfully installed Module-Build-XSUtil-0.16
Installing /usr/local/share/perl/5.18.2/x86_64-linux-gnu-thread-multi/.meta/Module-Build-XSUtil-0.16/install.json
Installing /usr/local/share/perl/5.18.2/x86_64-linux-gnu-thread-multi/.meta/Module-Build-XSUtil-0.16/MYMETA.json
Already tried Module::Build. Skipping.
Searching ExtUtils::ParseXS on cpanmetadb ...
--> Working on ExtUtils::ParseXS
Fetching http://www.cpan.org/authors/id/S/SM/SMUELLER/ExtUtils-ParseXS-3.30.tar.gz
-> OK
Unpacking ExtUtils-ParseXS-3.30.tar.gz
Entering ExtUtils-ParseXS-3.30
Checking configure dependencies from META.json
Checking if you have ExtUtils::MakeMaker 6.46 ... Yes (6.66)
Configuring ExtUtils-ParseXS-3.30
Running Makefile.PL
Checking if your kit is complete...
Looks good
Writing Makefile for ExtUtils::ParseXS
Writing MYMETA.yml and MYMETA.json
-> OK
Checking dependencies from MYMETA.json ...
Checking if you have File::Basename 0 ... Yes (2.84)
Checking if you have Cwd 0 ... Yes (3.40)
Checking if you have ExtUtils::MakeMaker 6.46 ... Yes (6.66)
Checking if you have DynaLoader 0 ... Yes (1.18)
Checking if you have Test::More 0.47 ... Yes (1.001014)
Checking if you have Symbol 0 ... Yes (1.07)
Checking if you have File::Spec 0 ... Yes (3.40)
Checking if you have ExtUtils::CBuilder 0 ... Yes (0.280210)
Checking if you have Exporter 5.57 ... Yes (5.68)
Checking if you have Carp 0 ... Yes (1.29)
Building and testing ExtUtils-ParseXS-3.30
cp lib/ExtUtils/Typemaps/Type.pm blib/lib/ExtUtils/Typemaps/Type.pm
cp lib/ExtUtils/ParseXS/CountLines.pm blib/lib/ExtUtils/ParseXS/CountLines.pm
cp lib/ExtUtils/ParseXS.pod blib/lib/ExtUtils/ParseXS.pod
cp lib/ExtUtils/ParseXS/Eval.pm blib/lib/ExtUtils/ParseXS/Eval.pm
cp lib/ExtUtils/ParseXS.pm blib/lib/ExtUtils/ParseXS.pm
cp lib/ExtUtils/ParseXS/Utilities.pm blib/lib/ExtUtils/ParseXS/Utilities.pm
cp lib/ExtUtils/ParseXS/Constants.pm blib/lib/ExtUtils/ParseXS/Constants.pm
cp lib/ExtUtils/Typemaps.pm blib/lib/ExtUtils/Typemaps.pm
cp lib/ExtUtils/xsubpp blib/lib/ExtUtils/xsubpp
cp lib/ExtUtils/Typemaps/Cmd.pm blib/lib/ExtUtils/Typemaps/Cmd.pm
cp lib/ExtUtils/Typemaps/OutputMap.pm blib/lib/ExtUtils/Typemaps/OutputMap.pm
cp lib/ExtUtils/Typemaps/InputMap.pm blib/lib/ExtUtils/Typemaps/InputMap.pm
cp lib/ExtUtils/xsubpp blib/script/xsubpp
/usr/bin/perl -MExtUtils::MY -e 'MY->fixin(shift)' -- blib/script/xsubpp
Manifying blib/man1/xsubpp.1p
Manifying blib/man3/ExtUtils::Typemaps::Type.3pm
Manifying blib/man3/ExtUtils::Typemaps::OutputMap.3pm
Manifying blib/man3/ExtUtils::ParseXS::Utilities.3pm
Manifying blib/man3/ExtUtils::Typemaps.3pm
Manifying blib/man3/ExtUtils::Typemaps::InputMap.3pm
Manifying blib/man3/ExtUtils::ParseXS::Constants.3pm
Manifying blib/man3/ExtUtils::ParseXS::Eval.3pm
Manifying blib/man3/ExtUtils::Typemaps::Cmd.3pm
Manifying blib/man3/ExtUtils::ParseXS.3pm
PERL_DL_NONLAZY=1 /usr/bin/perl "-MExtUtils::Command::MM" "-e" "test_harness(0, 'blib/lib', 'blib/arch')" t/*.t
t/001-basic.t ............................ ok
t/002-more.t ............................. ok
t/003-usage.t ............................ ok
t/101-standard_typemap_locations.t ....... ok
t/102-trim_whitespace.t .................. ok
t/103-tidy_type.t ........................ ok
t/104-map_type.t ......................... ok
t/105-valid_proto_string.t ............... ok
t/106-process_typemaps.t ................. ok
t/108-map_type.t ......................... ok
t/109-standard_XS_defs.t ................. ok
t/110-assign_func_args.t ................. ok
t/111-analyze_preprocessor_statements.t .. ok
t/112-set_cond.t ......................... ok
t/113-check_cond_preproc_statements.t .... ok
t/114-blurt_death_Warn.t ................. ok
t/115-avoid-noise.t ...................... ok
t/501-t-compile.t ........................ ok
t/510-t-bare.t ........................... ok
t/511-t-whitespace.t ..................... ok
t/512-t-file.t ........................... ok
t/513-t-merge.t .......................... ok
t/514-t-embed.t .......................... ok
t/515-t-cmd.t ............................ ok
t/516-t-clone.t .......................... ok
t/517-t-targetable.t ..................... ok
t/600-t-compat.t ......................... ok
All tests successful.
Files=27, Tests=264,  2 wallclock secs ( 0.08 usr  0.01 sys +  1.08 cusr  0.14 csys =  1.31 CPU)
Result: PASS
Manifying blib/man1/xsubpp.1p
Manifying blib/man3/ExtUtils::Typemaps::Type.3pm
Manifying blib/man3/ExtUtils::Typemaps::OutputMap.3pm
Manifying blib/man3/ExtUtils::ParseXS::Utilities.3pm
Manifying blib/man3/ExtUtils::Typemaps.3pm
Manifying blib/man3/ExtUtils::Typemaps::InputMap.3pm
Manifying blib/man3/ExtUtils::ParseXS::Constants.3pm
Manifying blib/man3/ExtUtils::ParseXS::Eval.3pm
Manifying blib/man3/ExtUtils::Typemaps::Cmd.3pm
Manifying blib/man3/ExtUtils::ParseXS.3pm
Installing /usr/local/share/perl/5.18.2/ExtUtils/ParseXS.pod
Installing /usr/local/share/perl/5.18.2/ExtUtils/Typemaps.pm
Installing /usr/local/share/perl/5.18.2/ExtUtils/ParseXS.pm
Installing /usr/local/share/perl/5.18.2/ExtUtils/xsubpp
Installing /usr/local/share/perl/5.18.2/ExtUtils/Typemaps/InputMap.pm
Installing /usr/local/share/perl/5.18.2/ExtUtils/Typemaps/Cmd.pm
Installing /usr/local/share/perl/5.18.2/ExtUtils/Typemaps/Type.pm
Installing /usr/local/share/perl/5.18.2/ExtUtils/Typemaps/OutputMap.pm
Installing /usr/local/share/perl/5.18.2/ExtUtils/ParseXS/Eval.pm
Installing /usr/local/share/perl/5.18.2/ExtUtils/ParseXS/CountLines.pm
Installing /usr/local/share/perl/5.18.2/ExtUtils/ParseXS/Constants.pm
Installing /usr/local/share/perl/5.18.2/ExtUtils/ParseXS/Utilities.pm
Installing /usr/local/man/man1/xsubpp.1p
Installing /usr/local/man/man3/ExtUtils::Typemaps::Cmd.3pm
Installing /usr/local/man/man3/ExtUtils::ParseXS::Constants.3pm
Installing /usr/local/man/man3/ExtUtils::ParseXS::Utilities.3pm
Installing /usr/local/man/man3/ExtUtils::Typemaps::Type.3pm
Installing /usr/local/man/man3/ExtUtils::Typemaps::InputMap.3pm
Installing /usr/local/man/man3/ExtUtils::Typemaps.3pm
Installing /usr/local/man/man3/ExtUtils::ParseXS::Eval.3pm
Installing /usr/local/man/man3/ExtUtils::ParseXS.3pm
Installing /usr/local/man/man3/ExtUtils::Typemaps::OutputMap.3pm
Installing /usr/local/bin/xsubpp
Appending installation info to /usr/local/lib/perl/5.18.2/perllocal.pod
-> OK
Successfully installed ExtUtils-ParseXS-3.30 (upgraded from 3.18)
Installing /usr/local/share/perl/5.18.2/x86_64-linux-gnu-thread-multi/.meta/ExtUtils-ParseXS-3.30/install.json
Installing /usr/local/share/perl/5.18.2/x86_64-linux-gnu-thread-multi/.meta/ExtUtils-ParseXS-3.30/MYMETA.json
Searching Devel::PPPort on cpanmetadb ...
--> Working on Devel::PPPort
Fetching http://www.cpan.org/authors/id/W/WO/WOLFSAGE/Devel-PPPort-3.32.tar.gz
-> OK
Unpacking Devel-PPPort-3.32.tar.gz
Entering Devel-PPPort-3.32
Checking configure dependencies from META.json
Checking if you have ExtUtils::MakeMaker 0 ... Yes (6.66)
Configuring Devel-PPPort-3.32
Running Makefile.PL
Checking if your kit is complete...
Looks good
Setting license tag...
Writing Makefile for Devel::PPPort
Writing MYMETA.yml and MYMETA.json
-> OK
Checking dependencies from MYMETA.json ...
Checking if you have ExtUtils::MakeMaker 0 ... Yes (6.66)
Building and testing Devel-PPPort-3.32
cp PPPort.pm blib/lib/Devel/PPPort.pm
/usr/bin/perl "-Iblib/arch" "-Iblib/lib" PPPort_xs.PL RealPPPort.xs
adding XS code from parts/inc/pv_tools
adding XS code from parts/inc/MY_CXT
adding XS code from parts/inc/newSVpv
adding XS code from parts/inc/threads
adding XS code from parts/inc/call
adding XS code from parts/inc/warn
adding XS code from parts/inc/memory
adding XS code from parts/inc/cop
adding XS code from parts/inc/format
adding XS code from parts/inc/newSV_type
adding XS code from parts/inc/limits
adding XS code from parts/inc/grok
adding XS code from parts/inc/strlfuncs
adding XS code from parts/inc/newRV
adding XS code from parts/inc/variables
adding XS code from parts/inc/exception
adding XS code from parts/inc/gv
adding XS code from parts/inc/mPUSH
adding XS code from parts/inc/magic
adding XS code from parts/inc/shared_pv
adding XS code from parts/inc/snprintf
adding XS code from parts/inc/misc
adding XS code from parts/inc/SvREFCNT
adding XS code from parts/inc/newCONSTSUB
adding XS code from parts/inc/sv_xpvf
adding XS code from parts/inc/SvPV
adding XS code from parts/inc/sprintf
adding XS code from parts/inc/HvNAME
adding XS code from parts/inc/Sv_set
adding XS code from parts/inc/uv
adding XS code from parts/inc/pvs
/usr/bin/perl /usr/local/share/perl/5.18.2/ExtUtils/xsubpp -noprototypes -typemap /usr/share/perl/5.18/ExtUtils/typemap -typemap typemap  RealPPPort.xs > RealPPPort.xsc && mv RealPPPort.xsc RealPPPort.c
/usr/bin/perl "-Iblib/arch" "-Iblib/lib" ppport_h.PL ppport.h
cc -c   -D_REENTRANT -D_GNU_SOURCE -DDEBIAN -fstack-protector -fno-strict-aliasing -pipe -I/usr/local/include -D_LARGEFILE_SOURCE -D_FILE_OFFSET_BITS=64 -O2 -g   -DVERSION=\"3.32\" -DXS_VERSION=\"3.32\" -fPIC "-I/usr/lib/perl/5.18/CORE"   RealPPPort.c
/bin/sh: 1: cc: not found
make: *** [RealPPPort.o] Error 127
-> FAIL Installing Devel::PPPort failed. See /home/ubuntu/.cpanm/work/1444156215.7244/build.log for details. Retry with --force to force install it.
-> FAIL Installing the dependencies failed: Installed version (3.20) of Devel::PPPort is not in range '3.22'
-> FAIL Bailing out the installation for Mouse-v2.4.5.
-> FAIL Installing the dependencies failed: Module 'Mouse' is not installed, Module 'IO::Socket::SSL' is not installed
-> FAIL Bailing out the installation for Mail-SendGrid-0.07.
14 distributions installed
