cpanm (App::cpanminus) 1.7001 on perl 5.018002 built for x86_64-linux-gnu-thread-multi
Work directory is /home/ubuntu/.cpanm/work/1444156179.6929
You have make /usr/bin/make
You have /usr/bin/wget
You have /bin/tar: tar (GNU tar) 1.27.1
Copyright (C) 2013 Free Software Foundation, Inc.
License GPLv3+: GNU GPL version 3 or later <http://gnu.org/licenses/gpl.html>.
This is free software: you are free to change and redistribute it.
There is NO WARRANTY, to the extent permitted by law.

Written by John Gilmore and Jay Fenlason.
Searching Authen::SASL on cpanmetadb ...
--> Working on Authen::SASL
Fetching http://www.cpan.org/authors/id/G/GB/GBARR/Authen-SASL-2.16.tar.gz
-> OK
Unpacking Authen-SASL-2.16.tar.gz
Entering Authen-SASL-2.16
Checking configure dependencies from META.yml
Checking if you have ExtUtils::MakeMaker 6.42 ... Yes (6.66)
Configuring Authen-SASL-2.16
Running Makefile.PL
Warning: prerequisite Digest::HMAC_MD5 0 not found.
Checking if your kit is complete...
Looks good
Writing Makefile for Authen::SASL
Writing MYMETA.yml and MYMETA.json
-> OK
Checking dependencies from MYMETA.json ...
Checking if you have ExtUtils::MakeMaker 6.42 ... Yes (6.66)
Checking if you have Test::More 0 ... Yes (1.001014)
Checking if you have Digest::MD5 0 ... Yes (2.52)
Checking if you have Digest::HMAC_MD5 0 ... No
==> Found dependencies: Digest::HMAC_MD5
Searching Digest::HMAC_MD5 on cpanmetadb ...
--> Working on Digest::HMAC_MD5
Fetching http://www.cpan.org/authors/id/G/GA/GAAS/Digest-HMAC-1.03.tar.gz
-> OK
Unpacking Digest-HMAC-1.03.tar.gz
Entering Digest-HMAC-1.03
Checking configure dependencies from META.yml
Checking if you have ExtUtils::MakeMaker 0 ... Yes (6.66)
Configuring Digest-HMAC-1.03
Running Makefile.PL
Checking if your kit is complete...
Looks good
Writing Makefile for Digest::HMAC
Writing MYMETA.yml and MYMETA.json
-> OK
Checking dependencies from MYMETA.json ...
Checking if you have ExtUtils::MakeMaker 0 ... Yes (6.66)
Checking if you have Digest::SHA 1 ... Yes (5.84_01)
Checking if you have Digest::MD5 2 ... Yes (2.52)
Building and testing Digest-HMAC-1.03
cp lib/Digest/HMAC_MD5.pm blib/lib/Digest/HMAC_MD5.pm
cp lib/Digest/HMAC.pm blib/lib/Digest/HMAC.pm
cp lib/Digest/HMAC_SHA1.pm blib/lib/Digest/HMAC_SHA1.pm
Manifying blib/man3/Digest::HMAC_MD5.3pm
Manifying blib/man3/Digest::HMAC.3pm
Manifying blib/man3/Digest::HMAC_SHA1.3pm
PERL_DL_NONLAZY=1 /usr/bin/perl "-MExtUtils::Command::MM" "-e" "test_harness(0, 'blib/lib', 'blib/arch')" t/*.t
t/rfc2202.t .. ok
All tests successful.
Files=1, Tests=14,  0 wallclock secs ( 0.02 usr  0.00 sys +  0.01 cusr  0.00 csys =  0.03 CPU)
Result: PASS
Manifying blib/man3/Digest::HMAC_MD5.3pm
Manifying blib/man3/Digest::HMAC.3pm
Manifying blib/man3/Digest::HMAC_SHA1.3pm
Installing /usr/local/share/perl/5.18.2/Digest/HMAC_MD5.pm
Installing /usr/local/share/perl/5.18.2/Digest/HMAC.pm
Installing /usr/local/share/perl/5.18.2/Digest/HMAC_SHA1.pm
Installing /usr/local/man/man3/Digest::HMAC.3pm
Installing /usr/local/man/man3/Digest::HMAC_SHA1.3pm
Installing /usr/local/man/man3/Digest::HMAC_MD5.3pm
Appending installation info to /usr/local/lib/perl/5.18.2/perllocal.pod
-> OK
Successfully installed Digest-HMAC-1.03
Installing /usr/local/share/perl/5.18.2/x86_64-linux-gnu-thread-multi/.meta/Digest-HMAC-1.03/install.json
Installing /usr/local/share/perl/5.18.2/x86_64-linux-gnu-thread-multi/.meta/Digest-HMAC-1.03/MYMETA.json
Building and testing Authen-SASL-2.16
cp lib/Authen/SASL.pm blib/lib/Authen/SASL.pm
cp lib/Authen/SASL/CRAM_MD5.pm blib/lib/Authen/SASL/CRAM_MD5.pm
cp lib/Authen/SASL/Perl/CRAM_MD5.pm blib/lib/Authen/SASL/Perl/CRAM_MD5.pm
cp lib/Authen/SASL/Perl/PLAIN.pm blib/lib/Authen/SASL/Perl/PLAIN.pm
cp lib/Authen/SASL/Perl/GSSAPI.pm blib/lib/Authen/SASL/Perl/GSSAPI.pm
cp lib/Authen/SASL/Perl.pm blib/lib/Authen/SASL/Perl.pm
cp lib/Authen/SASL/Perl.pod blib/lib/Authen/SASL/Perl.pod
cp lib/Authen/SASL/Perl/ANONYMOUS.pm blib/lib/Authen/SASL/Perl/ANONYMOUS.pm
cp lib/Authen/SASL/Perl/LOGIN.pm blib/lib/Authen/SASL/Perl/LOGIN.pm
cp lib/Authen/SASL/EXTERNAL.pm blib/lib/Authen/SASL/EXTERNAL.pm
cp lib/Authen/SASL/Perl/DIGEST_MD5.pm blib/lib/Authen/SASL/Perl/DIGEST_MD5.pm
cp lib/Authen/SASL.pod blib/lib/Authen/SASL.pod
cp lib/Authen/SASL/Perl/EXTERNAL.pm blib/lib/Authen/SASL/Perl/EXTERNAL.pm
Manifying blib/man3/Authen::SASL.3pm
Manifying blib/man3/Authen::SASL::Perl::DIGEST_MD5.3pm
Manifying blib/man3/Authen::SASL::Perl::ANONYMOUS.3pm
Manifying blib/man3/Authen::SASL::Perl.3pm
Manifying blib/man3/Authen::SASL::Perl::EXTERNAL.3pm
Manifying blib/man3/Authen::SASL::Perl::PLAIN.3pm
Manifying blib/man3/Authen::SASL::Perl::CRAM_MD5.3pm
Manifying blib/man3/Authen::SASL::Perl::LOGIN.3pm
Manifying blib/man3/Authen::SASL::Perl::GSSAPI.3pm
PERL_DL_NONLAZY=1 /usr/bin/perl "-MExtUtils::Command::MM" "-e" "test_harness(0, 'inc', 'blib/lib', 'blib/arch')" t/*.t t/negotiations/*.t t/server/*.t
t/anon.t ..................... ok
t/callback.t ................. ok
t/cram_md5.t ................. ok
t/digest_md5.t ............... ok
t/digest_md5_verified.t ...... ok
t/external.t ................. ok
t/login.t .................... ok
t/negotiations/digest_md5.t .. ok
t/negotiations/login.t ....... ok
t/negotiations/plain.t ....... ok
t/order.t .................... ok
t/plain.t .................... ok
t/server/digest_md5.t ........ ok
"my" variable $cb masks earlier declaration in same scope at t/server/login.t line 75.
t/server/login.t ............. ok
t/server/plain.t ............. ok
All tests successful.
Files=15, Tests=313,  0 wallclock secs ( 0.06 usr  0.01 sys +  0.32 cusr  0.04 csys =  0.43 CPU)
Result: PASS
Installing /usr/local/share/perl/5.18.2/Authen/SASL.pod
Installing /usr/local/share/perl/5.18.2/Authen/SASL.pm
Installing /usr/local/share/perl/5.18.2/Authen/SASL/Perl.pm
Installing /usr/local/share/perl/5.18.2/Authen/SASL/Perl.pod
Installing /usr/local/share/perl/5.18.2/Authen/SASL/CRAM_MD5.pm
Installing /usr/local/share/perl/5.18.2/Authen/SASL/EXTERNAL.pm
Installing /usr/local/share/perl/5.18.2/Authen/SASL/Perl/GSSAPI.pm
Installing /usr/local/share/perl/5.18.2/Authen/SASL/Perl/LOGIN.pm
Installing /usr/local/share/perl/5.18.2/Authen/SASL/Perl/DIGEST_MD5.pm
Installing /usr/local/share/perl/5.18.2/Authen/SASL/Perl/PLAIN.pm
Installing /usr/local/share/perl/5.18.2/Authen/SASL/Perl/ANONYMOUS.pm
Installing /usr/local/share/perl/5.18.2/Authen/SASL/Perl/CRAM_MD5.pm
Installing /usr/local/share/perl/5.18.2/Authen/SASL/Perl/EXTERNAL.pm
Installing /usr/local/man/man3/Authen::SASL::Perl::LOGIN.3pm
Installing /usr/local/man/man3/Authen::SASL::Perl::ANONYMOUS.3pm
Installing /usr/local/man/man3/Authen::SASL::Perl.3pm
Installing /usr/local/man/man3/Authen::SASL::Perl::GSSAPI.3pm
Installing /usr/local/man/man3/Authen::SASL.3pm
Installing /usr/local/man/man3/Authen::SASL::Perl::DIGEST_MD5.3pm
Installing /usr/local/man/man3/Authen::SASL::Perl::PLAIN.3pm
Installing /usr/local/man/man3/Authen::SASL::Perl::CRAM_MD5.3pm
Installing /usr/local/man/man3/Authen::SASL::Perl::EXTERNAL.3pm
Appending installation info to /usr/local/lib/perl/5.18.2/perllocal.pod
-> OK
Successfully installed Authen-SASL-2.16
Installing /usr/local/share/perl/5.18.2/x86_64-linux-gnu-thread-multi/.meta/Authen-SASL-2.16/install.json
Installing /usr/local/share/perl/5.18.2/x86_64-linux-gnu-thread-multi/.meta/Authen-SASL-2.16/MYMETA.json
2 distributions installed
